<?xml version="1.0" encoding="UTF-8"?>
<testsuite xmlns:xsi="http://www.w3.org/2001/XMLSchema-instance" xsi:noNamespaceSchemaLocation="https://maven.apache.org/surefire/maven-surefire-plugin/xsd/surefire-test-report.xsd" name="testrunner" time="5.176" tests="5" errors="0" skipped="0" failures="0">
  <properties>
[...]
</properties>
  <testcase name="Testing the API" classname="Testing DELETE Request" time="2.867"/>
  <testcase name="Testing the API" classname="Testing GET Request" time="0.194"/>
  <testcase name="Testing the API" classname="Testing PATCH Request" time="0.423"/>
  <testcase name="Testing the API" classname="Testing POST Request" time="0.436"/>
  <testcase name="Testing the API" classname="Testing PUT Request" time="0.843"/>
</testsuite>