<?xml version="1.0" encoding="UTF-8"?>
<testsuite xmlns:xsi="http://www.w3.org/2001/XMLSchema-instance" xsi:noNamespaceSchemaLocation="https://maven.apache.org/surefire/maven-surefire-plugin/xsd/surefire-test-report.xsd" name="testrunner" time="8.887" tests="5" errors="0" skipped="0" failures="0">
  <properties>
[...]
</properties>
  <testcase name="[1:6] Create a new object and verify success" classname="[delete] Test a sample DELETE API" time="1.48"/>
  <testcase name="[1:2] Test a sample GET API" classname="[get] Sample API tests" time="0.201"/>
  <testcase name="[1:6] Create a new object and verify success" classname="[patch] Test a sample PATCH API" time="0.463"/>
  <testcase name="[1:6] Create a new object and verify success" classname="[post] Test a sample POST API" time="0.427"/>
  <testcase name="[1:6] Create a new object and verify success" classname="[put] Test a sample PUT API" time="0.455"/>
</testsuite>